[debug] [2026-02-03T18:23:49.037Z] ----------------------------------------------------------------------
[debug] [2026-02-03T18:23:49.039Z] Command:       C:\Program Files\nodejs\node.exe C:\Users\BENJI\AppData\Roaming\npm\node_modules\firebase-tools\lib\bin\firebase.js init hosting --project estrumetalonline
[debug] [2026-02-03T18:23:49.039Z] CLI Version:   15.5.1
[debug] [2026-02-03T18:23:49.039Z] Platform:      win32
[debug] [2026-02-03T18:23:49.039Z] Node Version:  v24.11.1
[debug] [2026-02-03T18:23:49.040Z] Time:          Tue Feb 03 2026 13:23:49 GMT-0500 (hora estándar de Perú)
[debug] [2026-02-03T18:23:49.040Z] ----------------------------------------------------------------------
[debug] 
[info] 
     ######## #### ########  ######## ########     ###     ######  ########
     ##        ##  ##     ## ##       ##     ##  ##   ##  ##       ##
     ######    ##  ########  ######   ########  #########  ######  ######
     ##        ##  ##    ##  ##       ##     ## ##     ##       ## ##
     ##       #### ##     ## ######## ########  ##     ##  ######  ########

You're about to initialize a Firebase project in this directory:

  C:\Users\BENJI\Documents\Obsidian Estrumetal\estrumetal-app

[info] 
=== Project Setup
[info] 
[info] First, let's associate this project directory with a Firebase project.
[info] You can create multiple project aliases by running firebase use --add, 
[info] 
[debug] [2026-02-03T18:24:02.267Z] > command requires scopes: ["email","openid","https://www.googleapis.com/auth/cloudplatformprojects.readonly","https://www.googleapis.com/auth/firebase","https://www.googleapis.com/auth/cloud-platform"]
[debug] [2026-02-03T18:24:02.267Z] > authorizing via signed-in user (jciezalujan@gmail.com)
[debug] [2026-02-03T18:24:02.268Z] Checked if tokens are valid: true, expires at: 1770146058835
[debug] [2026-02-03T18:24:02.268Z] Checked if tokens are valid: true, expires at: 1770146058835
[debug] [2026-02-03T18:24:02.269Z] >>> [apiv2][query] GET https://firebase.googleapis.com/v1beta1/projects/estrumetalonline [none]
[debug] [2026-02-03T18:24:02.695Z] <<< [apiv2][status] GET https://firebase.googleapis.com/v1beta1/projects/estrumetalonline 200
[debug] [2026-02-03T18:24:02.695Z] <<< [apiv2][body] GET https://firebase.googleapis.com/v1beta1/projects/estrumetalonline {"projectId":"estrumetalonline","projectNumber":"360669507398","displayName":"EstrumetalOnline","name":"projects/estrumetalonline","resources":{"hostingSite":"estrumetalonline"},"state":"ACTIVE","etag":"1_36094e86-6f3e-4d53-bfd6-0656575da8c8"}
[info] i  Using project estrumetalonline (EstrumetalOnline) . 
[info] 
=== Hosting Setup
[debug] [2026-02-03T18:24:02.702Z] Checked if tokens are valid: true, expires at: 1770146058835
[debug] [2026-02-03T18:24:02.703Z] Checked if tokens are valid: true, expires at: 1770146058835
[debug] [2026-02-03T18:24:02.703Z] >>> [apiv2][query] GET https://firebase.googleapis.com/v1beta1/projects/estrumetalonline [none]
[debug] [2026-02-03T18:24:02.973Z] <<< [apiv2][status] GET https://firebase.googleapis.com/v1beta1/projects/estrumetalonline 200
[debug] [2026-02-03T18:24:02.973Z] <<< [apiv2][body] GET https://firebase.googleapis.com/v1beta1/projects/estrumetalonline {"projectId":"estrumetalonline","projectNumber":"360669507398","displayName":"EstrumetalOnline","name":"projects/estrumetalonline","resources":{"hostingSite":"estrumetalonline"},"state":"ACTIVE","etag":"1_36094e86-6f3e-4d53-bfd6-0656575da8c8"}
[info] 
[info] Your public directory is the folder (relative to your project directory) that
[info] will contain Hosting assets to be uploaded with firebase deploy. If you
[info] have a build process for your assets, use your build's output directory.
[info] 
[info] 
[info] i  Detected a .git folder at C:\Users\BENJI\Documents\Obsidian Estrumetal\estrumetal-app 
[info] i  Authorizing with GitHub to upload your service account to a GitHub repository's secrets store. 
[info] 
[info] Visit this URL on this device to log in:
[info] https://github.com/login/oauth/authorize?client_id=89cf50f02ac6aaed3484&state=947265081&redirect_uri=http%3A%2F%2Flocalhost%3A9005&scope=read%3Auser%20repo%20public_repo
[info] 
[info] Waiting for authentication...
[debug] [2026-02-03T18:25:06.719Z] ----------------------------------------------------------------------
[debug] [2026-02-03T18:25:06.721Z] Command:       C:\Program Files\nodejs\node.exe C:\Users\BENJI\AppData\Roaming\npm\node_modules\firebase-tools\lib\bin\firebase.js init hosting:github --project estrumetalonline
[debug] [2026-02-03T18:25:06.721Z] CLI Version:   15.5.1
[debug] [2026-02-03T18:25:06.722Z] Platform:      win32
[debug] [2026-02-03T18:25:06.722Z] Node Version:  v24.11.1
[debug] [2026-02-03T18:25:06.722Z] Time:          Tue Feb 03 2026 13:25:06 GMT-0500 (hora estándar de Perú)
[debug] [2026-02-03T18:25:06.722Z] ----------------------------------------------------------------------
[debug] 
[info] 
     ######## #### ########  ######## ########     ###     ######  ########
     ##        ##  ##     ## ##       ##     ##  ##   ##  ##       ##
     ######    ##  ########  ######   ########  #########  ######  ######
     ##        ##  ##    ##  ##       ##     ## ##     ##       ## ##
     ##       #### ##     ## ######## ########  ##     ##  ######  ########

You're about to initialize a Firebase project in this directory:

  C:\Users\BENJI\Documents\Obsidian Estrumetal\estrumetal-app

Before we get started, keep in mind:

  * You are initializing within an existing Firebase project directory

[info] 
=== Project Setup
[info] 
[info] First, let's associate this project directory with a Firebase project.
[info] You can create multiple project aliases by running firebase use --add, 
[info] 
[debug] [2026-02-03T18:25:23.016Z] > command requires scopes: ["email","openid","https://www.googleapis.com/auth/cloudplatformprojects.readonly","https://www.googleapis.com/auth/firebase","https://www.googleapis.com/auth/cloud-platform"]
[debug] [2026-02-03T18:25:23.016Z] > authorizing via signed-in user (jciezalujan@gmail.com)
[debug] [2026-02-03T18:25:23.018Z] Checked if tokens are valid: true, expires at: 1770146058835
[debug] [2026-02-03T18:25:23.018Z] Checked if tokens are valid: true, expires at: 1770146058835
[debug] [2026-02-03T18:25:23.019Z] >>> [apiv2][query] GET https://firebase.googleapis.com/v1beta1/projects/estrumetalonline [none]
[debug] [2026-02-03T18:25:23.492Z] <<< [apiv2][status] GET https://firebase.googleapis.com/v1beta1/projects/estrumetalonline 200
[debug] [2026-02-03T18:25:23.492Z] <<< [apiv2][body] GET https://firebase.googleapis.com/v1beta1/projects/estrumetalonline {"projectId":"estrumetalonline","projectNumber":"360669507398","displayName":"EstrumetalOnline","name":"projects/estrumetalonline","resources":{"hostingSite":"estrumetalonline"},"state":"ACTIVE","etag":"1_87d372a2-e9ef-40a5-92d0-ccb587293a3d"}
[info] i  Using project estrumetalonline (EstrumetalOnline) . 
[info] 
=== Hosting:github Setup
[info] 
[info] i  Detected a .git folder at C:\Users\BENJI\Documents\Obsidian Estrumetal\estrumetal-app 
[info] i  Authorizing with GitHub to upload your service account to a GitHub repository's secrets store. 
[info] 
[info] Visit this URL on this device to log in:
[info] https://github.com/login/oauth/authorize?client_id=89cf50f02ac6aaed3484&state=1009957488&redirect_uri=http%3A%2F%2Flocalhost%3A9006&scope=read%3Auser%20repo%20public_repo
[info] 
[info] Waiting for authentication...
[debug] [2026-02-03T18:25:45.512Z] >>> [apiv2][query] POST https://github.com/login/oauth/access_token [none]
[debug] [2026-02-03T18:25:45.512Z] >>> [apiv2][body] POST https://github.com/login/oauth/access_token [stream]
[debug] [2026-02-03T18:25:45.977Z] <<< [apiv2][status] POST https://github.com/login/oauth/access_token 200
[debug] [2026-02-03T18:25:45.977Z] <<< [apiv2][body] POST https://github.com/login/oauth/access_token {"access_token":"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","token_type":"bearer","scope":"read:user,repo"}
[debug] [2026-02-03T18:25:45.982Z] >>> [apiv2][query] GET https://api.github.com/user [none]
[debug] [2026-02-03T18:25:46.460Z] <<< [apiv2][status] GET https://api.github.com/user 200
[debug] [2026-02-03T18:25:46.460Z] <<< [apiv2][body] GET https://api.github.com/user {"login":"jcieza","id":46403902,"node_id":"MDQ6VXNlcjQ2NDAzOTAy","avatar_url":"https://avatars.githubusercontent.com/u/46403902?v=4","gravatar_id":"","url":"https://api.github.com/users/jcieza","html_url":"https://github.com/jcieza","followers_url":"https://api.github.com/users/jcieza/followers","following_url":"https://api.github.com/users/jcieza/following{/other_user}","gists_url":"https://api.github.com/users/jcieza/gists{/gist_id}","starred_url":"https://api.github.com/users/jcieza/starred{/owner}{/repo}","subscriptions_url":"https://api.github.com/users/jcieza/subscriptions","organizations_url":"https://api.github.com/users/jcieza/orgs","repos_url":"https://api.github.com/users/jcieza/repos","events_url":"https://api.github.com/users/jcieza/events{/privacy}","received_events_url":"https://api.github.com/users/jcieza/received_events","type":"User","user_view_type":"private","site_admin":false,"name":null,"company":null,"blog":"","location":null,"email":null,"hireable":null,"bio":null,"twitter_username":null,"notification_email":null,"public_repos":7,"public_gists":2,"followers":1,"following":0,"created_at":"2019-01-05T17:40:34Z","updated_at":"2026-02-02T18:38:13Z","private_gists":0,"total_private_repos":4,"owned_private_repos":4,"disk_usage":7173,"collaborators":0,"two_factor_authentication":false,"plan":{"name":"free","space":976562499,"collaborators":0,"private_repos":10000}}
[info] 
[info] +  Success! Logged into GitHub as jcieza 
[info] 
